<?xml version="1.0" encoding="UTF-8"?>
<!-- Generated by org.testng.reporters.JUnitXMLReporter -->
<testsuite hostname="Manjushas-MacBook-Pro.local" ignored="0" name="Surefire test" tests="2" failures="0" timestamp="2020-06-30T18:57:51 PDT" time="0.027" errors="0">
  <testcase name="seleniumTestCase1" time="0.003" classname="MavenProjects.MavenJavaProjects.SeleniumTest"/>
  <testcase name="seleniumTestCase2" time="0.0" classname="MavenProjects.MavenJavaProjects.SeleniumTest"/>
</testsuite> <!-- Surefire test -->
