<?xml version="1.0" encoding="UTF-8"?>
<!-- Generated by org.testng.reporters.JUnitXMLReporter -->
<testsuite hostname="Manjushas-MacBook-Pro.local" ignored="0" name="Test" tests="4" failures="0" timestamp="2020-06-30T19:06:11 PDT" time="0.028" errors="0">
  <testcase name="RestAPITestCase2" time="0.002" classname="MavenProjects.MavenJavaProjects.RestAPITest"/>
  <testcase name="restAPITestCase1" time="0.0" classname="MavenProjects.MavenJavaProjects.RestAPITest"/>
  <testcase name="seleniumTestCase1" time="0.0" classname="MavenProjects.MavenJavaProjects.SeleniumTest"/>
  <testcase name="seleniumTestCase2" time="0.0" classname="MavenProjects.MavenJavaProjects.SeleniumTest"/>
</testsuite> <!-- Test -->
